********************************************************************************
DUPLICATOR-LITE PACKAGE-LOG: 26 July 2020 11 h 40 min
NOTICE: Do NOT post to public sites or forums 
********************************************************************************
VERSION:	1.3.36
WORDPRESS:	5.4.2
PHP INFO:	7.4.2 | SAPI: apache2handler
SERVER:		Apache/2.2.34 (Unix) mod_wsgi/3.5 Python/2.7.13 PHP/7.4.2 mod_ssl/2.2.34 OpenSSL/1.0.2o DAV/2 mod_fastcgi/mod_fastcgi-SNAP-0910052141 mod_perl/2.0.11 Perl/v5.24.0 
PHP TIME LIMIT: (0) no time limit imposed 
PHP MAX MEMORY: 4294967296 (128M default) 
MEMORY STACK: 46.5MB

********************************************************************************
DATABASE:
********************************************************************************
BUILD MODE:   PHP(query limit - 100)
MYSQLTIMEOUT: 5000
MYSQLDUMP:    Not Supported
TABLES: total:15 | filtered:0 | create:15
FILTERED: []
SQL CREATED: 20200726_dwwm20201_ac7f3d2a825cfd1b6091_20200726114045_database.sql
SQL FILE SIZE: 956.02KB (978964)
SQL FILE TIME: 2020-07-26 11:40:58
SQL RUNTIME: 0.67 sec.

********************************************************************************
ARCHIVE (ZIP):
********************************************************************************
ARCHIVE DIR:  /Applications/MAMP/htdocs/ECF_WP
ARCHIVE FILE: 20200726_dwwm20201_ac7f3d2a825cfd1b6091_20200726114045_archive.zip
FILTERS: *OFF*
DIRS:
	not set
FILES:
	not set
EXTS:  not set
----------------------------------------
COMPRESSING
SIZE:	82.53MB
STATS:	Dirs 327 | Files 2,939
SQL ADDED: 20200726_dwwm20201_ac7f3d2a825cfd1b6091_20200726114045_database.sql
ZipArchive Object
(
    [status] => 0
    [statusSys] => 0
    [numFiles] => 3266
    [filename] => /Applications/MAMP/htdocs/ECF_WP/wp-content/backups-dup-lite/tmp/20200726_dwwm20201_ac7f3d2a825cfd1b6091_20200726114045_archive.zip
    [comment] => 
)

FILE ADDED TO ZIP: 3265
COMPRESSION RESULT: '1'
COMPRESSED SIZE: 31.57MB
ARCHIVE RUNTIME: 15.80 sec.
MEMORY STACK: 48.5MB
building installer
add_extra_files1
add_extra_files2
add_extra_files3
add_extra_files4
Doing archive file check
add_extra_files5
add_extra_files6
add_extra_files8
Successfully opened zip /Applications/MAMP/htdocs/ECF_WP/wp-content/backups-dup-lite/tmp/20200726_dwwm20201_ac7f3d2a825cfd1b6091_20200726114045_archive.zip
Adding enhanced installer files to archive using ZipArchive
Installer files added to archive
Added to archive
After ziparchive close when adding installer

********************************************************************************
INTEGRITY CHECKS:
********************************************************************************
SQL FILE: 956.02KB
INSTALLER FILE: 61.32KB
ARCHIVE FILE: 33.06MB 
COMPTE ATTENDU DE FICHIERS/RÉPERTOIRES : 3,266
COMPTE ACTUEL DE FICHIERS/RÉPERTOIRES : 3,265
TEST DE COHÉRENCE D’ARCHIVE : Bon

********************************************************************************
RECORD ID:[1]
TOTAL PROCESS RUNTIME: 19.45 sec.
PEAK PHP MEMORY USED: 48.5MB
DONE PROCESSING => 20200726_dwwm20201 26 July 2020 11 h 41 min

